  cash.c
C:\Users\dkjje\Desktop\Programming\C_Projects\cs50.h(58,40): error C2061: syntax error: identifier '__attribute__'
C:\Users\dkjje\Desktop\Programming\C_Projects\cs50.h(58,40): error C2059: syntax error: ';'
C:\Users\dkjje\Desktop\Programming\C_Projects\cs50.h(58,70): error C2059: syntax error: 'constant'
C:\Users\dkjje\Desktop\Programming\C_Projects\cs50.h(58,73): error C2059: syntax error: 'constant'
C:\Users\dkjje\Desktop\Programming\C_Projects\cs50.h(66,44): error C2061: syntax error: identifier '__attribute__'
C:\Users\dkjje\Desktop\Programming\C_Projects\cs50.h(66,44): error C2059: syntax error: ';'
C:\Users\dkjje\Desktop\Programming\C_Projects\cs50.h(66,74): error C2059: syntax error: 'constant'
C:\Users\dkjje\Desktop\Programming\C_Projects\cs50.h(66,77): error C2059: syntax error: 'constant'
C:\Users\dkjje\Desktop\Programming\C_Projects\cs50.h(74,42): error C2061: syntax error: identifier '__attribute__'
C:\Users\dkjje\Desktop\Programming\C_Projects\cs50.h(74,42): error C2059: syntax error: ';'
C:\Users\dkjje\Desktop\Programming\C_Projects\cs50.h(74,72): error C2059: syntax error: 'constant'
C:\Users\dkjje\Desktop\Programming\C_Projects\cs50.h(74,75): error C2059: syntax error: 'constant'
C:\Users\dkjje\Desktop\Programming\C_Projects\cs50.h(82,38): error C2061: syntax error: identifier '__attribute__'
C:\Users\dkjje\Desktop\Programming\C_Projects\cs50.h(82,38): error C2059: syntax error: ';'
C:\Users\dkjje\Desktop\Programming\C_Projects\cs50.h(82,68): error C2059: syntax error: 'constant'
C:\Users\dkjje\Desktop\Programming\C_Projects\cs50.h(82,71): error C2059: syntax error: 'constant'
C:\Users\dkjje\Desktop\Programming\C_Projects\cs50.h(90,40): error C2061: syntax error: identifier '__attribute__'
C:\Users\dkjje\Desktop\Programming\C_Projects\cs50.h(90,40): error C2059: syntax error: ';'
C:\Users\dkjje\Desktop\Programming\C_Projects\cs50.h(90,70): error C2059: syntax error: 'constant'
C:\Users\dkjje\Desktop\Programming\C_Projects\cs50.h(90,73): error C2059: syntax error: 'constant'
C:\Users\dkjje\Desktop\Programming\C_Projects\cs50.h(98,51): error C2061: syntax error: identifier '__attribute__'
C:\Users\dkjje\Desktop\Programming\C_Projects\cs50.h(98,51): error C2059: syntax error: ';'
C:\Users\dkjje\Desktop\Programming\C_Projects\cs50.h(98,81): error C2059: syntax error: 'constant'
C:\Users\dkjje\Desktop\Programming\C_Projects\cs50.h(98,84): error C2059: syntax error: 'constant'
C:\Users\dkjje\Desktop\Programming\C_Projects\cs50.h(108,59): error C2061: syntax error: identifier '__attribute__'
C:\Users\dkjje\Desktop\Programming\C_Projects\cs50.h(108,59): error C2059: syntax error: ';'
C:\Users\dkjje\Desktop\Programming\C_Projects\cs50.h(108,89): error C2059: syntax error: 'constant'
C:\Users\dkjje\Desktop\Programming\C_Projects\cs50.h(108,92): error C2059: syntax error: 'constant'
C:\Users\dkjje\Desktop\Programming\C_Projects\cash.c(12,1): warning C4244: 'initializing': conversion from 'double' to 'int', possible loss of data
C:\Users\dkjje\Desktop\Programming\C_Projects\cash.c(27,22): warning C4013: 'get_float' undefined; assuming extern returning int
C:\Users\dkjje\Desktop\Programming\C_Projects\cash.c(27,45): warning C4244: '=': conversion from 'int' to 'float', possible loss of data
